<html>
<body>
<pre>
<h1>Vision Build Log</h1>
<h2>Tool Versions:</h2>
IDE-Version: μVision V5.23.0.0
Copyright (C) 2017 ARM Ltd and ARM Germany GmbH. All rights reserved.
License Information: 1111 1111, 1111, LIC=JL28G-VBCUF-56PQ2-9W604-ASN4Q-J1Y0R
 
Tool Versions:
Toolchain:       MDK-ARM Plus  Version: 5.23
Toolchain Path:  D:\Keil v5\ARM\ARMCC\Bin
C Compiler:      Armcc.exe V5.06 update 4 (build 422)
Assembler:       Armasm.exe V5.06 update 4 (build 422)
Linker/Locator:  ArmLink.exe V5.06 update 4 (build 422)
Library Manager: ArmAr.exe V5.06 update 4 (build 422)
Hex Converter:   FromElf.exe V5.06 update 4 (build 422)
CPU DLL:         SARMCM3.DLL V5.23
Dialog DLL:      DCM.DLL V1.15.0.0
Target DLL:      STLink\ST-LINKIII-KEIL_SWO.dll V2.0.18.0
Dialog DLL:      TCM.DLL V1.27.0.0
 
<h2>Project:</h2>
F:\Work\Motor_Drive\MDK-ARM\Motor_Drive.uvprojx
Project File Date:  08/11/2024

<h2>Output:</h2>
*** Using Compiler 'V5.06 update 4 (build 422)', folder: 'D:\Keil v5\ARM\ARMCC\Bin'
Build target 'Motor_Drive'
compiling control.c...
..\Core\Src\control.c(57): error:  #137: expression must be a modifiable lvalue
          
EAST_FRAME_SIZE + 1; // 需要发送的数据总长度
..\Core\Src\control.c(60): error:  #137: expression must be a modifiable lvalue
          
EAST_FRAME_SIZE; // 需要发送的数据总长度
..\Core\Src\control.c(81): error:  #20: identifier "uart1TxBuffer" is undefined
          control_PackCmd(uart1TxBuffer, cmd, id, dataSize, (uint8_t *)&openCtlData);
..\Core\Src\control.c(83): error:  #137: expression must be a modifiable lvalue
          
EAST_FRAME_SIZE + 7 + 1;
..\Core\Src\control.c(90): error:  #20: identifier "uart1TxBuffer" is undefined
          control_PackCmd(uart1TxBuffer, cmd, id, dataSize, (uint8_t *)&torqueCtlData);
..\Core\Src\control.c(92): error:  #137: expression must be a modifiable lvalue
          
EAST_FRAME_SIZE + 7 + 1;
..\Core\Src\control.c(99): error:  #20: identifier "uart1TxBuffer" is undefined
          control_PackCmd(uart1TxBuffer, cmd, id, dataSize, (uint8_t *)&speedCtlData);
..\Core\Src\control.c(101): error:  #137: expression must be a modifiable lvalue
          
EAST_FRAME_SIZE + 7 + 1;
..\Core\Src\control.c(108): error:  #20: identifier "uart1TxBuffer" is undefined
          control_PackCmd(uart1TxBuffer, cmd, id, dataSize, (uint8_t *)&angleCtlData);
..\Core\Src\control.c(110): error:  #137: expression must be a modifiable lvalue
          
EAST_FRAME_SIZE + 7 + 1;
..\Core\Src\control.c(183): warning:  #223-D: function "LED1_TOGGLE" declared implicitly
              LED1_TOGGLE();
..\Core\Src\control.c(185): warning:  #223-D: function "printf" declared implicitly
              printf ("motorTemperature = %d, motorPowerOrTorque = %d, motorSpeed = %d, motorEncoder = %d\n", motorTemperature, motorPowerOrTorque, motorSpeed, motorEncoder);
..\Core\Src\control.c(189): warning:  #223-D: function "LED1_TOGGLE" declared implicitly
              LED1_TOGGLE();
..\Core\Src\control.c(191): warning:  #223-D: function "printf" declared implicitly
              printf ("commandSendCount = %d, unreceivedCount = %d\n", commandSendCount, commandUnreceivedCount);
..\Core\Src\control.c: 4 warnings, 10 errors
"Motor_Drive\Motor_Drive.axf" - 10 Error(s), 4 Warning(s).

<h2>Software Packages used:</h2>

Package Vendor: ARM
                http://www.keil.com/pack/ARM.CMSIS.5.8.0.pack
                ARM::CMSIS:CORE:5.5.0
                CMSIS (Common Microcontroller Software Interface Standard)
   * Component: CORE Version: 5.5.0

<h2>Collection of Component include folders:</h2>
  .\RTE\_Motor_Drive
  D:\Keil v5\ARM\PACK\ARM\CMSIS\5.8.0\CMSIS\Core\Include
  D:\Keil v5\ARM\PACK\Keil\STM32F4xx_DFP\2.13.0\Drivers\CMSIS\Device\ST\STM32F4xx\Include

<h2>Collection of Component Files used:</h2>

   * Component: ARM::CMSIS:CORE:5.5.0
      Include file:  CMSIS\Core\Include\tz_context.h
Target not created.
Build Time Elapsed:  00:00:03
</pre>
</body>
</html>
